{"/Users/virajpatel/Project/React_Native/TodoApp/app/component/Button/index.tsx": {"path":"/Users/virajpatel/Project/React_Native/TodoApp/app/component/Button/index.tsx","statementMap":{"0":{"start":{"line":5,"column":19},"end":{"line":15,"column":1}},"1":{"start":{"line":6,"column":35},"end":{"line":6,"column":41}},"2":{"start":{"line":7,"column":27},"end":{"line":7,"column":32}},"3":{"start":{"line":8,"column":2},"end":{"line":14,"column":4}}},"fnMap":{"0":{"name":"(anonymous_0)","decl":{"start":{"line":5,"column":19},"end":{"line":5,"column":20}},"loc":{"start":{"line":5,"column":30},"end":{"line":15,"column":1}},"line":5}},"branchMap":{},"s":{"0":1,"1":2,"2":2,"3":2},"f":{"0":2},"b":{},"_coverageSchema":"1a1c01bbd47fc00a2c39e90264f33305004495a9","hash":"da2020a6286b2140376444c4b7e26cd2f3016540"}
,"/Users/virajpatel/Project/React_Native/TodoApp/app/component/Button/styles.ts": {"path":"/Users/virajpatel/Project/React_Native/TodoApp/app/component/Button/styles.ts","statementMap":{"0":{"start":{"line":4,"column":15},"end":{"line":22,"column":2}}},"fnMap":{},"branchMap":{},"s":{"0":1},"f":{},"b":{},"_coverageSchema":"1a1c01bbd47fc00a2c39e90264f33305004495a9","hash":"7d62ae32096bee867352022547e7f5457fe46e5e"}
,"/Users/virajpatel/Project/React_Native/TodoApp/app/component/MainView/APIView.tsx": {"path":"/Users/virajpatel/Project/React_Native/TodoApp/app/component/MainView/APIView.tsx","statementMap":{"0":{"start":{"line":7,"column":16},"end":{"line":43,"column":1}},"1":{"start":{"line":8,"column":28},"end":{"line":8,"column":38}},"2":{"start":{"line":10,"column":20},"end":{"line":13,"column":3}},"3":{"start":{"line":11,"column":17},"end":{"line":11,"column":70}},"4":{"start":{"line":12,"column":4},"end":{"line":12,"column":34}},"5":{"start":{"line":19,"column":21},"end":{"line":21,"column":8}},"6":{"start":{"line":20,"column":4},"end":{"line":20,"column":35}},"7":{"start":{"line":23,"column":27},"end":{"line":29,"column":3}},"8":{"start":{"line":24,"column":4},"end":{"line":28,"column":6}},"9":{"start":{"line":30,"column":2},"end":{"line":42,"column":4}},"10":{"start":{"line":36,"column":39},"end":{"line":36,"column":52}},"11":{"start":{"line":44,"column":0},"end":{"line":44,"column":31}}},"fnMap":{"0":{"name":"(anonymous_0)","decl":{"start":{"line":7,"column":16},"end":{"line":7,"column":17}},"loc":{"start":{"line":7,"column":22},"end":{"line":43,"column":1}},"line":7},"1":{"name":"(anonymous_1)","decl":{"start":{"line":10,"column":20},"end":{"line":10,"column":21}},"loc":{"start":{"line":10,"column":32},"end":{"line":13,"column":3}},"line":10},"2":{"name":"(anonymous_2)","decl":{"start":{"line":19,"column":33},"end":{"line":19,"column":34}},"loc":{"start":{"line":19,"column":39},"end":{"line":21,"column":3}},"line":19},"3":{"name":"(anonymous_3)","decl":{"start":{"line":23,"column":27},"end":{"line":23,"column":28}},"loc":{"start":{"line":23,"column":44},"end":{"line":29,"column":3}},"line":23},"4":{"name":"(anonymous_4)","decl":{"start":{"line":36,"column":22},"end":{"line":36,"column":23}},"loc":{"start":{"line":36,"column":39},"end":{"line":36,"column":52}},"line":36}},"branchMap":{},"s":{"0":1,"1":5,"2":5,"3":2,"4":2,"5":5,"6":5,"7":5,"8":6,"9":5,"10":6,"11":1},"f":{"0":5,"1":2,"2":5,"3":6,"4":6},"b":{},"_coverageSchema":"1a1c01bbd47fc00a2c39e90264f33305004495a9","hash":"2aea8418f34b04911e477aaa0eda5da95dfc700b"}
,"/Users/virajpatel/Project/React_Native/TodoApp/app/component/MainView/ListTodo.tsx": {"path":"/Users/virajpatel/Project/React_Native/TodoApp/app/component/MainView/ListTodo.tsx","statementMap":{"0":{"start":{"line":8,"column":17},"end":{"line":100,"column":1}},"1":{"start":{"line":9,"column":21},"end":{"line":9,"column":59}},"2":{"start":{"line":9,"column":47},"end":{"line":9,"column":58}},"3":{"start":{"line":10,"column":19},"end":{"line":10,"column":32}},"4":{"start":{"line":11,"column":34},"end":{"line":11,"column":49}},"5":{"start":{"line":12,"column":28},"end":{"line":16,"column":4}},"6":{"start":{"line":17,"column":23},"end":{"line":23,"column":3}},"7":{"start":{"line":19,"column":6},"end":{"line":19,"column":23}},"8":{"start":{"line":20,"column":6},"end":{"line":20,"column":40}},"9":{"start":{"line":25,"column":19},"end":{"line":30,"column":3}},"10":{"start":{"line":27,"column":6},"end":{"line":27,"column":38}},"11":{"start":{"line":32,"column":23},"end":{"line":41,"column":3}},"12":{"start":{"line":33,"column":4},"end":{"line":40,"column":5}},"13":{"start":{"line":34,"column":6},"end":{"line":38,"column":9}},"14":{"start":{"line":39,"column":6},"end":{"line":39,"column":13}},"15":{"start":{"line":42,"column":38},"end":{"line":42,"column":43}},"16":{"start":{"line":43,"column":15},"end":{"line":55,"column":3}},"17":{"start":{"line":44,"column":4},"end":{"line":54,"column":5}},"18":{"start":{"line":48,"column":6},"end":{"line":48,"column":61}},"19":{"start":{"line":49,"column":6},"end":{"line":49,"column":70}},"20":{"start":{"line":50,"column":6},"end":{"line":50,"column":13}},"21":{"start":{"line":52,"column":6},"end":{"line":52,"column":40}},"22":{"start":{"line":53,"column":6},"end":{"line":53,"column":24}},"23":{"start":{"line":57,"column":21},"end":{"line":62,"column":3}},"24":{"start":{"line":59,"column":6},"end":{"line":59,"column":86}},"25":{"start":{"line":79,"column":2},"end":{"line":99,"column":4}}},"fnMap":{"0":{"name":"(anonymous_0)","decl":{"start":{"line":8,"column":17},"end":{"line":8,"column":18}},"loc":{"start":{"line":8,"column":23},"end":{"line":100,"column":1}},"line":8},"1":{"name":"(anonymous_1)","decl":{"start":{"line":9,"column":36},"end":{"line":9,"column":37}},"loc":{"start":{"line":9,"column":47},"end":{"line":9,"column":58}},"line":9},"2":{"name":"(anonymous_2)","decl":{"start":{"line":18,"column":4},"end":{"line":18,"column":5}},"loc":{"start":{"line":18,"column":37},"end":{"line":21,"column":5}},"line":18},"3":{"name":"(anonymous_3)","decl":{"start":{"line":26,"column":4},"end":{"line":26,"column":5}},"loc":{"start":{"line":26,"column":20},"end":{"line":28,"column":5}},"line":26},"4":{"name":"(anonymous_4)","decl":{"start":{"line":32,"column":23},"end":{"line":32,"column":24}},"loc":{"start":{"line":32,"column":35},"end":{"line":41,"column":3}},"line":32},"5":{"name":"(anonymous_5)","decl":{"start":{"line":43,"column":15},"end":{"line":43,"column":16}},"loc":{"start":{"line":43,"column":21},"end":{"line":55,"column":3}},"line":43},"6":{"name":"(anonymous_6)","decl":{"start":{"line":58,"column":4},"end":{"line":58,"column":5}},"loc":{"start":{"line":58,"column":21},"end":{"line":60,"column":5}},"line":58}},"branchMap":{"0":{"loc":{"start":{"line":33,"column":4},"end":{"line":40,"column":5}},"type":"if","locations":[{"start":{"line":33,"column":4},"end":{"line":40,"column":5}},{"start":{},"end":{}}],"line":33},"1":{"loc":{"start":{"line":44,"column":4},"end":{"line":54,"column":5}},"type":"if","locations":[{"start":{"line":44,"column":4},"end":{"line":54,"column":5}},{"start":{"line":51,"column":11},"end":{"line":54,"column":5}}],"line":44},"2":{"loc":{"start":{"line":45,"column":6},"end":{"line":46,"column":56}},"type":"binary-expr","locations":[{"start":{"line":45,"column":7},"end":{"line":45,"column":27}},{"start":{"line":45,"column":31},"end":{"line":45,"column":58}},{"start":{"line":46,"column":6},"end":{"line":46,"column":56}}],"line":45},"3":{"loc":{"start":{"line":81,"column":7},"end":{"line":97,"column":7}},"type":"cond-expr","locations":[{"start":{"line":82,"column":8},"end":{"line":92,"column":15}},{"start":{"line":94,"column":8},"end":{"line":96,"column":15}}],"line":81},"4":{"loc":{"start":{"line":91,"column":11},"end":{"line":91,"column":60}},"type":"cond-expr","locations":[{"start":{"line":91,"column":26},"end":{"line":91,"column":53}},{"start":{"line":91,"column":56},"end":{"line":91,"column":60}}],"line":91}},"s":{"0":1,"1":15,"2":17,"3":15,"4":15,"5":15,"6":15,"7":3,"8":3,"9":15,"10":1,"11":15,"12":4,"13":4,"14":4,"15":15,"16":15,"17":2,"18":1,"19":1,"20":1,"21":1,"22":1,"23":15,"24":7,"25":15},"f":{"0":15,"1":17,"2":3,"3":1,"4":4,"5":2,"6":7},"b":{"0":[4,0],"1":[1,1],"2":[2,1,1],"3":[8,7],"4":[1,7]},"_coverageSchema":"1a1c01bbd47fc00a2c39e90264f33305004495a9","hash":"796f8bfba966c36d6e31414e6f62c90932d6873f"}
,"/Users/virajpatel/Project/React_Native/TodoApp/app/component/MainView/TodoItem.tsx": {"path":"/Users/virajpatel/Project/React_Native/TodoApp/app/component/MainView/TodoItem.tsx","statementMap":{"0":{"start":{"line":5,"column":17},"end":{"line":16,"column":1}},"1":{"start":{"line":6,"column":19},"end":{"line":6,"column":32}},"2":{"start":{"line":7,"column":2},"end":{"line":15,"column":4}},"3":{"start":{"line":11,"column":60},"end":{"line":11,"column":78}},"4":{"start":{"line":12,"column":58},"end":{"line":12,"column":95}},"5":{"start":{"line":17,"column":0},"end":{"line":17,"column":32}}},"fnMap":{"0":{"name":"(anonymous_0)","decl":{"start":{"line":5,"column":17},"end":{"line":5,"column":18}},"loc":{"start":{"line":5,"column":58},"end":{"line":16,"column":1}},"line":5},"1":{"name":"(anonymous_1)","decl":{"start":{"line":11,"column":54},"end":{"line":11,"column":55}},"loc":{"start":{"line":11,"column":60},"end":{"line":11,"column":78}},"line":11},"2":{"name":"(anonymous_2)","decl":{"start":{"line":12,"column":52},"end":{"line":12,"column":53}},"loc":{"start":{"line":12,"column":58},"end":{"line":12,"column":95}},"line":12}},"branchMap":{},"s":{"0":1,"1":6,"2":6,"3":1,"4":3,"5":1},"f":{"0":6,"1":1,"2":3},"b":{},"_coverageSchema":"1a1c01bbd47fc00a2c39e90264f33305004495a9","hash":"ef525b3229b03ff396e3cf067643a692f2d2c1e3"}
,"/Users/virajpatel/Project/React_Native/TodoApp/app/component/Todo/assets/images/logo/logo.png": {"path":"/Users/virajpatel/Project/React_Native/TodoApp/app/component/Todo/assets/images/logo/logo.png","statementMap":{"0":{"start":{"line":1,"column":0},"end":{"line":4,"column":6}}},"fnMap":{},"branchMap":{},"s":{"0":1},"f":{},"b":{},"_coverageSchema":"1a1c01bbd47fc00a2c39e90264f33305004495a9","hash":"185cea5ac0a87ccf6795a7d38570519143c7ff08"}
,"/Users/virajpatel/Project/React_Native/TodoApp/app/component/Todo/components/Header.tsx": {"path":"/Users/virajpatel/Project/React_Native/TodoApp/app/component/Todo/components/Header.tsx","statementMap":{"0":{"start":{"line":10,"column":27},"end":{"line":10,"column":68}},"1":{"start":{"line":12,"column":2},"end":{"line":23,"column":4}},"2":{"start":{"line":26,"column":15},"end":{"line":50,"column":2}}},"fnMap":{"0":{"name":"Header","decl":{"start":{"line":9,"column":16},"end":{"line":9,"column":22}},"loc":{"start":{"line":9,"column":52},"end":{"line":24,"column":1}},"line":9}},"branchMap":{"0":{"loc":{"start":{"line":10,"column":27},"end":{"line":10,"column":68}},"type":"cond-expr","locations":[{"start":{"line":10,"column":48},"end":{"line":10,"column":56}},{"start":{"line":10,"column":59},"end":{"line":10,"column":68}}],"line":10}},"s":{"0":3,"1":3,"2":1},"f":{"0":3},"b":{"0":[1,2]},"_coverageSchema":"1a1c01bbd47fc00a2c39e90264f33305004495a9","hash":"eed847ef38e57af05a3827eaf465476d0a6d9c66"}
,"/Users/virajpatel/Project/React_Native/TodoApp/app/redux/useStoreHooks.ts": {"path":"/Users/virajpatel/Project/React_Native/TodoApp/app/redux/useStoreHooks.ts","statementMap":{"0":{"start":{"line":5,"column":30},"end":{"line":5,"column":62}},"1":{"start":{"line":5,"column":36},"end":{"line":5,"column":62}},"2":{"start":{"line":6,"column":63},"end":{"line":6,"column":74}}},"fnMap":{"0":{"name":"(anonymous_0)","decl":{"start":{"line":5,"column":30},"end":{"line":5,"column":31}},"loc":{"start":{"line":5,"column":36},"end":{"line":5,"column":62}},"line":5}},"branchMap":{},"s":{"0":2,"1":1,"2":2},"f":{"0":1},"b":{},"_coverageSchema":"1a1c01bbd47fc00a2c39e90264f33305004495a9","hash":"0adcb6daea1e6c65a65fe2c5fa479d1df5ca21c1"}
,"/Users/virajpatel/Project/React_Native/TodoApp/app/redux/Todo/TodoSlice.ts": {"path":"/Users/virajpatel/Project/React_Native/TodoApp/app/redux/Todo/TodoSlice.ts","statementMap":{"0":{"start":{"line":5,"column":31},"end":{"line":10,"column":1}},"1":{"start":{"line":12,"column":18},"end":{"line":34,"column":2}},"2":{"start":{"line":18,"column":26},"end":{"line":21,"column":7}},"3":{"start":{"line":22,"column":6},"end":{"line":22,"column":41}},"4":{"start":{"line":25,"column":6},"end":{"line":25,"column":86}},"5":{"start":{"line":25,"column":55},"end":{"line":25,"column":84}},"6":{"start":{"line":28,"column":25},"end":{"line":28,"column":30}},"7":{"start":{"line":29,"column":6},"end":{"line":31,"column":8}},"8":{"start":{"line":30,"column":8},"end":{"line":30,"column":61}},"9":{"start":{"line":36,"column":18},"end":{"line":36,"column":27}},"10":{"start":{"line":38,"column":54},"end":{"line":38,"column":71}}},"fnMap":{"0":{"name":"(anonymous_0)","decl":{"start":{"line":17,"column":13},"end":{"line":17,"column":14}},"loc":{"start":{"line":17,"column":32},"end":{"line":23,"column":5}},"line":17},"1":{"name":"(anonymous_1)","decl":{"start":{"line":24,"column":23},"end":{"line":24,"column":24}},"loc":{"start":{"line":24,"column":42},"end":{"line":26,"column":5}},"line":24},"2":{"name":"(anonymous_2)","decl":{"start":{"line":25,"column":45},"end":{"line":25,"column":46}},"loc":{"start":{"line":25,"column":55},"end":{"line":25,"column":84}},"line":25},"3":{"name":"(anonymous_3)","decl":{"start":{"line":27,"column":14},"end":{"line":27,"column":15}},"loc":{"start":{"line":27,"column":33},"end":{"line":32,"column":5}},"line":27},"4":{"name":"(anonymous_4)","decl":{"start":{"line":29,"column":36},"end":{"line":29,"column":37}},"loc":{"start":{"line":30,"column":8},"end":{"line":30,"column":61}},"line":30}},"branchMap":{"0":{"loc":{"start":{"line":30,"column":8},"end":{"line":30,"column":61}},"type":"cond-expr","locations":[{"start":{"line":30,"column":40},"end":{"line":30,"column":54}},{"start":{"line":30,"column":57},"end":{"line":30,"column":61}}],"line":30}},"s":{"0":2,"1":2,"2":2,"3":2,"4":1,"5":1,"6":3,"7":3,"8":3,"9":2,"10":2},"f":{"0":2,"1":1,"2":1,"3":3,"4":3},"b":{"0":[2,1]},"_coverageSchema":"1a1c01bbd47fc00a2c39e90264f33305004495a9","hash":"e3b2768875337aa82bb4acf453406f915b80d8c2"}
,"/Users/virajpatel/Project/React_Native/TodoApp/app/utils/test-utils.tsx": {"path":"/Users/virajpatel/Project/React_Native/TodoApp/app/utils/test-utils.tsx","statementMap":{"0":{"start":{"line":33,"column":4},"end":{"line":33,"column":57}},"1":{"start":{"line":37,"column":2},"end":{"line":37,"column":70}}},"fnMap":{"0":{"name":"renderWithProviders","decl":{"start":{"line":23,"column":16},"end":{"line":23,"column":35}},"loc":{"start":{"line":31,"column":2},"end":{"line":38,"column":1}},"line":31},"1":{"name":"Wrapper","decl":{"start":{"line":32,"column":11},"end":{"line":32,"column":18}},"loc":{"start":{"line":32,"column":67},"end":{"line":34,"column":3}},"line":32}},"branchMap":{"0":{"loc":{"start":{"line":28,"column":4},"end":{"line":28,"column":70}},"type":"default-arg","locations":[{"start":{"line":28,"column":12},"end":{"line":28,"column":70}}],"line":28}},"s":{"0":5,"1":5},"f":{"0":5,"1":5},"b":{"0":[5]},"_coverageSchema":"1a1c01bbd47fc00a2c39e90264f33305004495a9","hash":"ced674ba2514277689c0947191bf932d3e3622ba"}
}
