{"/Users/viraj.p/Project/React_Native/TodoApp/app/component/Button/index.tsx": {"path":"/Users/viraj.p/Project/React_Native/TodoApp/app/component/Button/index.tsx","statementMap":{"0":{"start":{"line":5,"column":19},"end":{"line":15,"column":1}},"1":{"start":{"line":6,"column":37},"end":{"line":6,"column":43}},"2":{"start":{"line":7,"column":29},"end":{"line":7,"column":34}},"3":{"start":{"line":8,"column":2},"end":{"line":14,"column":4}}},"fnMap":{"0":{"name":"(anonymous_0)","decl":{"start":{"line":5,"column":19},"end":{"line":5,"column":20}},"loc":{"start":{"line":5,"column":60},"end":{"line":15,"column":1}},"line":5}},"branchMap":{},"s":{"0":1,"1":2,"2":2,"3":2},"f":{"0":2},"b":{},"_coverageSchema":"1a1c01bbd47fc00a2c39e90264f33305004495a9","hash":"a60f9f1171310d47985bb1846b1ee7a8c5c26485"}
,"/Users/viraj.p/Project/React_Native/TodoApp/app/component/Button/styles.ts": {"path":"/Users/viraj.p/Project/React_Native/TodoApp/app/component/Button/styles.ts","statementMap":{"0":{"start":{"line":3,"column":15},"end":{"line":22,"column":2}}},"fnMap":{},"branchMap":{},"s":{"0":1},"f":{},"b":{},"_coverageSchema":"1a1c01bbd47fc00a2c39e90264f33305004495a9","hash":"e1d750d6fd0d7b0b4afc22af8bbdb0cc3357adde"}
,"/Users/viraj.p/Project/React_Native/TodoApp/app/component/MainView/APIView.tsx": {"path":"/Users/viraj.p/Project/React_Native/TodoApp/app/component/MainView/APIView.tsx","statementMap":{"0":{"start":{"line":6,"column":16},"end":{"line":42,"column":1}},"1":{"start":{"line":7,"column":28},"end":{"line":7,"column":38}},"2":{"start":{"line":9,"column":20},"end":{"line":12,"column":3}},"3":{"start":{"line":10,"column":17},"end":{"line":10,"column":70}},"4":{"start":{"line":11,"column":4},"end":{"line":11,"column":34}},"5":{"start":{"line":14,"column":21},"end":{"line":16,"column":8}},"6":{"start":{"line":15,"column":4},"end":{"line":15,"column":44}},"7":{"start":{"line":18,"column":21},"end":{"line":20,"column":8}},"8":{"start":{"line":19,"column":4},"end":{"line":19,"column":35}},"9":{"start":{"line":22,"column":27},"end":{"line":28,"column":3}},"10":{"start":{"line":23,"column":4},"end":{"line":27,"column":6}},"11":{"start":{"line":29,"column":2},"end":{"line":41,"column":4}},"12":{"start":{"line":35,"column":39},"end":{"line":35,"column":52}},"13":{"start":{"line":43,"column":0},"end":{"line":43,"column":31}}},"fnMap":{"0":{"name":"(anonymous_0)","decl":{"start":{"line":6,"column":16},"end":{"line":6,"column":17}},"loc":{"start":{"line":6,"column":22},"end":{"line":42,"column":1}},"line":6},"1":{"name":"(anonymous_1)","decl":{"start":{"line":9,"column":20},"end":{"line":9,"column":21}},"loc":{"start":{"line":9,"column":32},"end":{"line":12,"column":3}},"line":9},"2":{"name":"(anonymous_2)","decl":{"start":{"line":14,"column":33},"end":{"line":14,"column":34}},"loc":{"start":{"line":14,"column":47},"end":{"line":16,"column":3}},"line":14},"3":{"name":"(anonymous_3)","decl":{"start":{"line":18,"column":33},"end":{"line":18,"column":34}},"loc":{"start":{"line":18,"column":39},"end":{"line":20,"column":3}},"line":18},"4":{"name":"(anonymous_4)","decl":{"start":{"line":22,"column":27},"end":{"line":22,"column":28}},"loc":{"start":{"line":22,"column":46},"end":{"line":28,"column":3}},"line":22},"5":{"name":"(anonymous_5)","decl":{"start":{"line":35,"column":22},"end":{"line":35,"column":23}},"loc":{"start":{"line":35,"column":39},"end":{"line":35,"column":52}},"line":35}},"branchMap":{},"s":{"0":1,"1":5,"2":5,"3":2,"4":2,"5":5,"6":0,"7":5,"8":5,"9":5,"10":6,"11":5,"12":6,"13":1},"f":{"0":5,"1":2,"2":0,"3":5,"4":6,"5":6},"b":{},"_coverageSchema":"1a1c01bbd47fc00a2c39e90264f33305004495a9","hash":"597d0356c2d261e039c69ba3cf93eb37cabf5779"}
,"/Users/viraj.p/Project/React_Native/TodoApp/app/component/Todo/components/Header.tsx": {"path":"/Users/viraj.p/Project/React_Native/TodoApp/app/component/Todo/components/Header.tsx","statementMap":{"0":{"start":{"line":8,"column":15},"end":{"line":22,"column":1}},"1":{"start":{"line":9,"column":27},"end":{"line":9,"column":64}},"2":{"start":{"line":10,"column":22},"end":{"line":10,"column":88}},"3":{"start":{"line":11,"column":2},"end":{"line":21,"column":4}},"4":{"start":{"line":24,"column":15},"end":{"line":46,"column":2}},"5":{"start":{"line":48,"column":0},"end":{"line":48,"column":30}},"6":{"start":{"line":57,"column":85},"end":{"line":57,"column":38889}},"7":{"start":{"line":57,"column":89},"end":{"line":57,"column":38878}},"8":{"start":{"line":57,"column":39004},"end":{"line":57,"column":39010}},"9":{"start":{"line":57,"column":39125},"end":{"line":57,"column":39131}},"10":{"start":{"line":57,"column":39250},"end":{"line":57,"column":39256}},"11":{"start":{"line":57,"column":39400},"end":{"line":57,"column":39406}}},"fnMap":{"0":{"name":"(anonymous_0)","decl":{"start":{"line":8,"column":15},"end":{"line":8,"column":16}},"loc":{"start":{"line":8,"column":50},"end":{"line":22,"column":1}},"line":8},"1":{"name":"oo_cm","decl":{"start":{"line":57,"column":77},"end":{"line":57,"column":82}},"loc":{"start":{"line":57,"column":84},"end":{"line":57,"column":38890}},"line":57}},"branchMap":{"0":{"loc":{"start":{"line":9,"column":27},"end":{"line":9,"column":64}},"type":"cond-expr","locations":[{"start":{"line":9,"column":48},"end":{"line":9,"column":54}},{"start":{"line":9,"column":57},"end":{"line":9,"column":64}}],"line":9},"1":{"loc":{"start":{"line":57,"column":96},"end":{"line":57,"column":38877}},"type":"binary-expr","locations":[{"start":{"line":57,"column":96},"end":{"line":57,"column":133}},{"start":{"line":57,"column":137},"end":{"line":57,"column":38877}}],"line":57}},"s":{"0":1,"1":0,"2":0,"3":0,"4":1,"5":1,"6":0,"7":0,"8":1,"9":1,"10":1,"11":1},"f":{"0":0,"1":0},"b":{"0":[0,0],"1":[0,0]},"_coverageSchema":"1a1c01bbd47fc00a2c39e90264f33305004495a9","hash":"c0d1ed401db92698f81196e9c2fe879f2ea0c85a"}
,"/Users/viraj.p/Project/React_Native/TodoApp/app/redux/useStoreHooks.ts": {"path":"/Users/viraj.p/Project/React_Native/TodoApp/app/redux/useStoreHooks.ts","statementMap":{"0":{"start":{"line":5,"column":30},"end":{"line":5,"column":62}},"1":{"start":{"line":5,"column":36},"end":{"line":5,"column":62}},"2":{"start":{"line":6,"column":63},"end":{"line":6,"column":74}}},"fnMap":{"0":{"name":"(anonymous_0)","decl":{"start":{"line":5,"column":30},"end":{"line":5,"column":31}},"loc":{"start":{"line":5,"column":36},"end":{"line":5,"column":62}},"line":5}},"branchMap":{},"s":{"0":1,"1":1,"2":1},"f":{"0":1},"b":{},"_coverageSchema":"1a1c01bbd47fc00a2c39e90264f33305004495a9","hash":"0a1171db48a01451f235e61f1b157a26d7437676"}
,"/Users/viraj.p/Project/React_Native/TodoApp/app/redux/Todo/TodoSlice.ts": {"path":"/Users/viraj.p/Project/React_Native/TodoApp/app/redux/Todo/TodoSlice.ts","statementMap":{"0":{"start":{"line":5,"column":31},"end":{"line":10,"column":1}},"1":{"start":{"line":12,"column":18},"end":{"line":35,"column":2}},"2":{"start":{"line":18,"column":26},"end":{"line":22,"column":7}},"3":{"start":{"line":23,"column":6},"end":{"line":23,"column":41}},"4":{"start":{"line":26,"column":6},"end":{"line":26,"column":86}},"5":{"start":{"line":26,"column":55},"end":{"line":26,"column":84}},"6":{"start":{"line":29,"column":25},"end":{"line":29,"column":30}},"7":{"start":{"line":30,"column":6},"end":{"line":32,"column":8}},"8":{"start":{"line":31,"column":8},"end":{"line":31,"column":61}},"9":{"start":{"line":37,"column":18},"end":{"line":37,"column":27}},"10":{"start":{"line":39,"column":54},"end":{"line":39,"column":71}}},"fnMap":{"0":{"name":"(anonymous_0)","decl":{"start":{"line":17,"column":13},"end":{"line":17,"column":14}},"loc":{"start":{"line":17,"column":32},"end":{"line":24,"column":5}},"line":17},"1":{"name":"(anonymous_1)","decl":{"start":{"line":25,"column":23},"end":{"line":25,"column":24}},"loc":{"start":{"line":25,"column":42},"end":{"line":27,"column":5}},"line":25},"2":{"name":"(anonymous_2)","decl":{"start":{"line":26,"column":45},"end":{"line":26,"column":46}},"loc":{"start":{"line":26,"column":55},"end":{"line":26,"column":84}},"line":26},"3":{"name":"(anonymous_3)","decl":{"start":{"line":28,"column":14},"end":{"line":28,"column":15}},"loc":{"start":{"line":28,"column":33},"end":{"line":33,"column":5}},"line":28},"4":{"name":"(anonymous_4)","decl":{"start":{"line":30,"column":36},"end":{"line":30,"column":37}},"loc":{"start":{"line":31,"column":8},"end":{"line":31,"column":61}},"line":31}},"branchMap":{"0":{"loc":{"start":{"line":31,"column":8},"end":{"line":31,"column":61}},"type":"cond-expr","locations":[{"start":{"line":31,"column":40},"end":{"line":31,"column":54}},{"start":{"line":31,"column":57},"end":{"line":31,"column":61}}],"line":31}},"s":{"0":1,"1":1,"2":2,"3":2,"4":0,"5":0,"6":2,"7":2,"8":2,"9":1,"10":1},"f":{"0":2,"1":0,"2":0,"3":2,"4":2},"b":{"0":[1,1]},"_coverageSchema":"1a1c01bbd47fc00a2c39e90264f33305004495a9","hash":"a33784e724b1670b56210499cbeaf6be912827f5"}
}
