TN:
SF:app/component/Button/index.tsx
FN:5,(anonymous_0)
FNF:1
FNH:1
FNDA:2,(anonymous_0)
DA:5,1
DA:6,2
DA:7,2
DA:8,2
LF:4
LH:4
BRF:0
BRH:0
end_of_record
TN:
SF:app/component/Button/styles.ts
FNF:0
FNH:0
DA:4,1
LF:1
LH:1
BRF:0
BRH:0
end_of_record
TN:
SF:app/component/MainView/APIView.tsx
FN:7,(anonymous_0)
FN:10,(anonymous_1)
FN:19,(anonymous_2)
FN:23,(anonymous_3)
FN:36,(anonymous_4)
FNF:5
FNH:5
FNDA:5,(anonymous_0)
FNDA:2,(anonymous_1)
FNDA:5,(anonymous_2)
FNDA:6,(anonymous_3)
FNDA:6,(anonymous_4)
DA:7,1
DA:8,5
DA:10,5
DA:11,2
DA:12,2
DA:19,5
DA:20,5
DA:23,5
DA:24,6
DA:30,5
DA:36,6
DA:44,1
LF:12
LH:12
BRF:0
BRH:0
end_of_record
TN:
SF:app/component/MainView/ListTodo.tsx
FN:8,(anonymous_0)
FN:9,(anonymous_1)
FN:18,(anonymous_2)
FN:26,(anonymous_3)
FN:32,(anonymous_4)
FN:43,(anonymous_5)
FN:58,(anonymous_6)
FNF:7
FNH:7
FNDA:15,(anonymous_0)
FNDA:17,(anonymous_1)
FNDA:3,(anonymous_2)
FNDA:1,(anonymous_3)
FNDA:4,(anonymous_4)
FNDA:2,(anonymous_5)
FNDA:7,(anonymous_6)
DA:8,1
DA:9,17
DA:10,15
DA:11,15
DA:12,15
DA:17,15
DA:19,3
DA:20,3
DA:25,15
DA:27,1
DA:32,15
DA:33,4
DA:34,4
DA:39,4
DA:42,15
DA:43,15
DA:44,2
DA:48,1
DA:49,1
DA:50,1
DA:52,1
DA:53,1
DA:57,15
DA:59,7
DA:79,15
LF:25
LH:25
BRDA:33,0,0,4
BRDA:33,0,1,0
BRDA:44,1,0,1
BRDA:44,1,1,1
BRDA:45,2,0,2
BRDA:45,2,1,1
BRDA:45,2,2,1
BRDA:81,3,0,8
BRDA:81,3,1,7
BRDA:91,4,0,1
BRDA:91,4,1,7
BRF:11
BRH:10
end_of_record
TN:
SF:app/component/MainView/TodoItem.tsx
FN:5,(anonymous_0)
FN:11,(anonymous_1)
FN:12,(anonymous_2)
FNF:3
FNH:3
FNDA:6,(anonymous_0)
FNDA:1,(anonymous_1)
FNDA:3,(anonymous_2)
DA:5,1
DA:6,6
DA:7,6
DA:11,1
DA:12,3
DA:17,1
LF:6
LH:6
BRF:0
BRH:0
end_of_record
TN:
SF:app/component/Todo/assets/images/logo/logo.png
FNF:0
FNH:0
DA:1,1
LF:1
LH:1
BRF:0
BRH:0
end_of_record
TN:
SF:app/component/Todo/components/Header.tsx
FN:9,Header
FNF:1
FNH:1
FNDA:3,Header
DA:10,3
DA:12,3
DA:26,1
LF:3
LH:3
BRDA:10,0,0,1
BRDA:10,0,1,2
BRF:2
BRH:2
end_of_record
TN:
SF:app/redux/useStoreHooks.ts
FN:5,(anonymous_0)
FNF:1
FNH:1
FNDA:1,(anonymous_0)
DA:5,2
DA:6,2
LF:2
LH:2
BRF:0
BRH:0
end_of_record
TN:
SF:app/redux/Todo/TodoSlice.ts
FN:17,(anonymous_0)
FN:24,(anonymous_1)
FN:25,(anonymous_2)
FN:27,(anonymous_3)
FN:29,(anonymous_4)
FNF:5
FNH:5
FNDA:2,(anonymous_0)
FNDA:1,(anonymous_1)
FNDA:1,(anonymous_2)
FNDA:3,(anonymous_3)
FNDA:3,(anonymous_4)
DA:5,2
DA:12,2
DA:18,2
DA:22,2
DA:25,1
DA:28,3
DA:29,3
DA:30,3
DA:36,2
DA:38,2
LF:10
LH:10
BRDA:30,0,0,2
BRDA:30,0,1,1
BRF:2
BRH:2
end_of_record
TN:
SF:app/utils/test-utils.tsx
FN:23,renderWithProviders
FN:32,Wrapper
FNF:2
FNH:2
FNDA:5,renderWithProviders
FNDA:5,Wrapper
DA:33,5
DA:37,5
LF:2
LH:2
BRDA:28,0,0,5
BRF:1
BRH:1
end_of_record
